app/build/outputs/logs/manifest-merger-debug-report.txt
-- Merging decision tree log ---
manifest
ADDED from src/main/AndroidManifest.xml:2:1-62:12
	package
		ADDED from src/main/AndroidManifest.xml:3:5-34
		INJECTED from src/main/AndroidManifest.xml
		INJECTED from src/main/AndroidManifest.xml
	android:versionName
		ADDED from src/main/AndroidManifest.xml:5:5-30
	android:versionCode
		ADDED from src/main/AndroidManifest.xml:4:5-28
		INJECTED from src/main/AndroidManifest.xml
		INJECTED from src/main/AndroidManifest.xml
	xmlns:android
		ADDED from src/main/AndroidManifest.xml:2:11-69
uses-permission#android.permission.CAMERA
ADDED from src/main/AndroidManifest.xml:8:5-64
	android:name
		ADDED from src/main/AndroidManifest.xml:8:22-62
uses-permission#android.permission.WRITE_EXTERNAL_STORAGE
ADDED from src/main/AndroidManifest.xml:9:5-80
	android:name
		ADDED from src/main/AndroidManifest.xml:9:22-78
uses-sdk
ADDED from src/main/AndroidManifest.xml:10:5-12:41
MERGED from [com.android.support:support-v4:21.0.3] AndroidManifest.xml:15:5-42
	android:targetSdkVersion
		ADDED from src/main/AndroidManifest.xml:12:9-38
		INJECTED from src/main/AndroidManifest.xml
		INJECTED from src/main/AndroidManifest.xml
	android:minSdkVersion
		ADDED from src/main/AndroidManifest.xml:11:9-35
		INJECTED from src/main/AndroidManifest.xml
		INJECTED from src/main/AndroidManifest.xml
uses-permission#android.permission.INTERNET
ADDED from src/main/AndroidManifest.xml:14:5-67
	android:name
		ADDED from src/main/AndroidManifest.xml:14:22-64
application
ADDED from src/main/AndroidManifest.xml:16:5-60:19
MERGED from [com.android.support:support-v4:21.0.3] AndroidManifest.xml:16:5-19
	android:label
		ADDED from src/main/AndroidManifest.xml:20:9-41
	android:allowBackup
		ADDED from src/main/AndroidManifest.xml:18:9-35
	android:icon
		ADDED from src/main/AndroidManifest.xml:19:9-45
	android:theme
		ADDED from src/main/AndroidManifest.xml:21:9-40
	android:name
		ADDED from src/main/AndroidManifest.xml:17:9-79
activity#com.example.note_v2.LoginActivity
ADDED from src/main/AndroidManifest.xml:22:9-31:20
	android:label
		ADDED from src/main/AndroidManifest.xml:24:13-45
	android:launchMode
		ADDED from src/main/AndroidManifest.xml:25:13-43
	android:windowSoftInputMode
		ADDED from src/main/AndroidManifest.xml:26:13-52
	android:name
		ADDED from src/main/AndroidManifest.xml:23:13-42
intent-filter#android.intent.action.MAIN+android.intent.category.LAUNCHER
ADDED from src/main/AndroidManifest.xml:27:13-30:29
action#android.intent.action.MAIN
ADDED from src/main/AndroidManifest.xml:28:17-69
	android:name
		ADDED from src/main/AndroidManifest.xml:28:25-66
category#android.intent.category.LAUNCHER
ADDED from src/main/AndroidManifest.xml:29:17-77
	android:name
		ADDED from src/main/AndroidManifest.xml:29:27-74
activity#com.example.note_v2.AboutActivity
ADDED from src/main/AndroidManifest.xml:33:16-35:59
	android:theme
		ADDED from src/main/AndroidManifest.xml:35:13-56
	android:name
		ADDED from src/main/AndroidManifest.xml:34:13-42
activity#com.example.note_v2.MainActivity
ADDED from src/main/AndroidManifest.xml:36:8-40:20
	android:label
		ADDED from src/main/AndroidManifest.xml:38:13-33
	android:windowSoftInputMode
		ADDED from src/main/AndroidManifest.xml:39:13-55
	android:name
		ADDED from src/main/AndroidManifest.xml:37:13-41
activity#com.example.note_v2.edit_list
ADDED from src/main/AndroidManifest.xml:41:9-44:20
	android:label
		ADDED from src/main/AndroidManifest.xml:43:13-33
	android:name
		ADDED from src/main/AndroidManifest.xml:42:13-38
activity#com.example.note_v2.get_list
ADDED from src/main/AndroidManifest.xml:46:1-49:20
	android:label
		ADDED from src/main/AndroidManifest.xml:48:13-45
	android:name
		ADDED from src/main/AndroidManifest.xml:47:13-37
activity#com.example.note_v2.RegisterActivity
ADDED from src/main/AndroidManifest.xml:51:9-55:55
	android:label
		ADDED from src/main/AndroidManifest.xml:53:13-45
	android:launchMode
		ADDED from src/main/AndroidManifest.xml:54:13-43
	android:windowSoftInputMode
		ADDED from src/main/AndroidManifest.xml:55:13-52
	android:name
		ADDED from src/main/AndroidManifest.xml:52:13-45
activity#com.example.note_v2.EnterActivity
ADDED from src/main/AndroidManifest.xml:56:7-59:20
	android:label
		ADDED from src/main/AndroidManifest.xml:58:13-33
	android:name
		ADDED from src/main/AndroidManifest.xml:57:13-42